{
  error: 'listen EADDRINUSE: address already in use :::4000',
  stack: 'Error: listen EADDRINUSE: address already in use :::4000\n' +
    '    at Server.setupListenHandle [as _listen2] (node:net:1940:16)\n' +
    '    at listenInCluster (node:net:1997:12)\n' +
    '    at Server.listen (node:net:2102:7)\n' +
    '    at startServer (/Users/rajat/Downloads/projects/erp/server/src/server.ts:466:16)\n' +
    '    at processTicksAndRejections (node:internal/process/task_queues:105:5)',
  level: 'error',
  message: 'Uncaught Exception',
  timestamp: '2025-08-04 00:56:32:5632'
}
{
  error: 'listen EADDRINUSE: address already in use :::4000',
  stack: 'Error: listen EADDRINUSE: address already in use :::4000\n' +
    '    at Server.setupListenHandle [as _listen2] (node:net:1905:16)\n' +
    '    at listenInCluster (node:net:1962:12)\n' +
    '    at Server.listen (node:net:2064:7)\n' +
    '    at startServer (/Users/rajat/Downloads/projects/erp/server/src/server.ts:466:16)\n' +
    '    at processTicksAndRejections (node:internal/process/task_queues:105:5)',
  level: 'error',
  message: 'Uncaught Exception',
  timestamp: '2025-08-04 01:07:46:746'
}
{
  error: 'listen EADDRINUSE: address already in use :::4000',
  stack: 'Error: listen EADDRINUSE: address already in use :::4000\n' +
    '    at Server.setupListenHandle [as _listen2] (node:net:1905:16)\n' +
    '    at listenInCluster (node:net:1962:12)\n' +
    '    at Server.listen (node:net:2064:7)\n' +
    '    at startServer (/Users/rajat/Downloads/projects/erp/server/src/server.ts:466:16)\n' +
    '    at processTicksAndRejections (node:internal/process/task_queues:105:5)',
  level: 'error',
  message: 'Uncaught Exception',
  timestamp: '2025-08-04 01:13:40:1340'
}
{
  error: 'listen EADDRINUSE: address already in use :::4000',
  stack: 'Error: listen EADDRINUSE: address already in use :::4000\n' +
    '    at Server.setupListenHandle [as _listen2] (node:net:1905:16)\n' +
    '    at listenInCluster (node:net:1962:12)\n' +
    '    at Server.listen (node:net:2064:7)\n' +
    '    at startServer (/Users/rajat/Downloads/projects/erp/server/src/server.ts:466:16)\n' +
    '    at processTicksAndRejections (node:internal/process/task_queues:105:5)',
  level: 'error',
  message: 'Uncaught Exception',
  timestamp: '2025-08-04 01:14:21:1421'
}
{
  error: 'listen EADDRINUSE: address already in use :::4000',
  stack: 'Error: listen EADDRINUSE: address already in use :::4000\n' +
    '    at Server.setupListenHandle [as _listen2] (node:net:1905:16)\n' +
    '    at listenInCluster (node:net:1962:12)\n' +
    '    at Server.listen (node:net:2064:7)\n' +
    '    at startServer (/Users/rajat/Downloads/projects/erp/server/src/server.ts:466:16)\n' +
    '    at processTicksAndRejections (node:internal/process/task_queues:105:5)',
  level: 'error',
  message: 'Uncaught Exception',
  timestamp: '2025-08-04 01:14:46:1446'
}
{
  error: 'listen EADDRINUSE: address already in use :::4000',
  stack: 'Error: listen EADDRINUSE: address already in use :::4000\n' +
    '    at Server.setupListenHandle [as _listen2] (node:net:1905:16)\n' +
    '    at listenInCluster (node:net:1962:12)\n' +
    '    at Server.listen (node:net:2064:7)\n' +
    '    at startServer (/Users/rajat/Downloads/projects/erp/server/src/server.ts:466:16)\n' +
    '    at processTicksAndRejections (node:internal/process/task_queues:105:5)',
  level: 'error',
  message: 'Uncaught Exception',
  timestamp: '2025-08-04 23:35:31:3531'
}
{
  error: 'listen EADDRINUSE: address already in use :::4000',
  stack: 'Error: listen EADDRINUSE: address already in use :::4000\n' +
    '    at Server.setupListenHandle [as _listen2] (node:net:1905:16)\n' +
    '    at listenInCluster (node:net:1962:12)\n' +
    '    at Server.listen (node:net:2064:7)\n' +
    '    at startServer (/Users/rajat/Downloads/projects/erp/server/src/server.ts:466:16)\n' +
    '    at processTicksAndRejections (node:internal/process/task_queues:105:5)',
  level: 'error',
  message: 'Uncaught Exception',
  timestamp: '2025-08-04 23:37:53:3753'
}
{
  error: 'listen EADDRINUSE: address already in use :::4000',
  stack: 'Error: listen EADDRINUSE: address already in use :::4000\n' +
    '    at Server.setupListenHandle [as _listen2] (node:net:1905:16)\n' +
    '    at listenInCluster (node:net:1962:12)\n' +
    '    at Server.listen (node:net:2064:7)\n' +
    '    at startServer (/Users/rajat/Downloads/projects/erp/server/src/server.ts:466:16)\n' +
    '    at processTicksAndRejections (node:internal/process/task_queues:105:5)',
  level: 'error',
  message: 'Uncaught Exception',
  timestamp: '2025-08-04 23:38:04:384'
}
{
  error: 'listen EADDRINUSE: address already in use :::4000',
  stack: 'Error: listen EADDRINUSE: address already in use :::4000\n' +
    '    at Server.setupListenHandle [as _listen2] (node:net:1905:16)\n' +
    '    at listenInCluster (node:net:1962:12)\n' +
    '    at Server.listen (node:net:2064:7)\n' +
    '    at startServer (/Users/rajat/Downloads/projects/erp/server/src/server.ts:466:16)\n' +
    '    at processTicksAndRejections (node:internal/process/task_queues:105:5)',
  level: 'error',
  message: 'Uncaught Exception',
  timestamp: '2025-08-04 23:38:16:3816'
}
{
  error: 'listen EADDRINUSE: address already in use :::4000',
  stack: 'Error: listen EADDRINUSE: address already in use :::4000\n' +
    '    at Server.setupListenHandle [as _listen2] (node:net:1905:16)\n' +
    '    at listenInCluster (node:net:1962:12)\n' +
    '    at Server.listen (node:net:2064:7)\n' +
    '    at startServer (/Users/rajat/Downloads/projects/erp/server/src/server.ts:466:16)\n' +
    '    at processTicksAndRejections (node:internal/process/task_queues:105:5)',
  level: 'error',
  message: 'Uncaught Exception',
  timestamp: '2025-08-04 23:38:25:3825'
}
{
  error: 'listen EADDRINUSE: address already in use :::4000',
  stack: 'Error: listen EADDRINUSE: address already in use :::4000\n' +
    '    at Server.setupListenHandle [as _listen2] (node:net:1940:16)\n' +
    '    at listenInCluster (node:net:1997:12)\n' +
    '    at Server.listen (node:net:2102:7)\n' +
    '    at startServer (/Users/rajat/Downloads/projects/erp/server/src/server.ts:466:16)\n' +
    '    at processTicksAndRejections (node:internal/process/task_queues:105:5)',
  level: 'error',
  message: 'Uncaught Exception',
  timestamp: '2025-08-04 23:38:35:3835'
}
{
  error: 'listen EADDRINUSE: address already in use :::4000',
  stack: 'Error: listen EADDRINUSE: address already in use :::4000\n' +
    '    at Server.setupListenHandle [as _listen2] (node:net:1905:16)\n' +
    '    at listenInCluster (node:net:1962:12)\n' +
    '    at Server.listen (node:net:2064:7)\n' +
    '    at startServer (/Users/rajat/Downloads/projects/erp/server/src/server.ts:476:16)\n' +
    '    at processTicksAndRejections (node:internal/process/task_queues:105:5)',
  level: 'error',
  message: 'Uncaught Exception',
  timestamp: '2025-08-04 23:44:43:4443'
}
{
  error: 'listen EADDRINUSE: address already in use :::4000',
  stack: 'Error: listen EADDRINUSE: address already in use :::4000\n' +
    '    at Server.setupListenHandle [as _listen2] (node:net:1905:16)\n' +
    '    at listenInCluster (node:net:1962:12)\n' +
    '    at Server.listen (node:net:2064:7)\n' +
    '    at startServer (/Users/rajat/Downloads/projects/erp/server/src/server.ts:476:16)\n' +
    '    at processTicksAndRejections (node:internal/process/task_queues:105:5)',
  level: 'error',
  message: 'Uncaught Exception',
  timestamp: '2025-08-04 23:45:47:4547'
}
