{
  error: 'listen EADDRINUSE: address already in use :::4000',
  stack: 'Error: listen EADDRINUSE: address already in use :::4000\n' +
    '    at Server.setupListenHandle [as _listen2] (node:net:1905:16)\n' +
    '    at listenInCluster (node:net:1962:12)\n' +
    '    at Server.listen (node:net:2064:7)\n' +
    '    at startServer (/Users/rajat/Downloads/projects/erp/server/src/server.ts:479:16)\n' +
    '    at processTicksAndRejections (node:internal/process/task_queues:105:5)',
  level: 'error',
  message: 'Uncaught Exception',
  timestamp: '2025-08-06 00:12:11:1211'
}
{
  error: 'listen EADDRINUSE: address already in use :::4000',
  stack: 'Error: listen EADDRINUSE: address already in use :::4000\n' +
    '    at Server.setupListenHandle [as _listen2] (node:net:1940:16)\n' +
    '    at listenInCluster (node:net:1997:12)\n' +
    '    at Server.listen (node:net:2102:7)\n' +
    '    at startServer (/Users/rajat/Downloads/projects/erp/server/src/server.ts:479:16)\n' +
    '    at processTicksAndRejections (node:internal/process/task_queues:105:5)',
  level: 'error',
  message: 'Uncaught Exception',
  timestamp: '2025-08-06 00:20:58:2058'
}
{
  error: 'listen EADDRINUSE: address already in use :::4000',
  stack: 'Error: listen EADDRINUSE: address already in use :::4000\n' +
    '    at Server.setupListenHandle [as _listen2] (node:net:1905:16)\n' +
    '    at listenInCluster (node:net:1962:12)\n' +
    '    at Server.listen (node:net:2064:7)\n' +
    '    at startServer (/Users/rajat/Downloads/projects/erp/server/src/server.ts:479:16)\n' +
    '    at processTicksAndRejections (node:internal/process/task_queues:105:5)',
  level: 'error',
  message: 'Uncaught Exception',
  timestamp: '2025-08-06 00:26:19:2619'
}
{
  error: Error: Comparison operator must be an array of length 2
      at castComparison (/Users/rajat/Downloads/projects/erp/server/node_modules/.pnpm/mongoose@8.16.4/node_modules/mongoose/lib/helpers/query/cast$expr.js:210:11)
      at _castExpression (/Users/rajat/Downloads/projects/erp/server/node_modules/.pnpm/mongoose@8.16.4/node_modules/mongoose/lib/helpers/query/cast$expr.js:112:18)
      at cast$expr (/Users/rajat/Downloads/projects/erp/server/node_modules/.pnpm/mongoose@8.16.4/node_modules/mongoose/lib/helpers/query/cast$expr.js:79:10)
      at cast (/Users/rajat/Downloads/projects/erp/server/node_modules/.pnpm/mongoose@8.16.4/node_modules/mongoose/lib/cast.js:104:13)
      at model.Query.Query.cast (/Users/rajat/Downloads/projects/erp/server/node_modules/.pnpm/mongoose@8.16.4/node_modules/mongoose/lib/query.js:5055:12)
      at model.Query.Query._castConditions (/Users/rajat/Downloads/projects/erp/server/node_modules/.pnpm/mongoose@8.16.4/node_modules/mongoose/lib/query.js:2351:10)
      at model.Query._find (/Users/rajat/Downloads/projects/erp/server/node_modules/.pnpm/mongoose@8.16.4/node_modules/mongoose/lib/query.js:2378:8)
      at model.Query.exec (/Users/rajat/Downloads/projects/erp/server/node_modules/.pnpm/mongoose@8.16.4/node_modules/mongoose/lib/query.js:4604:80)
      at processTicksAndRejections (node:internal/process/task_queues:105:5)
      at async SpareService.getLowStockSpares (/Users/rajat/Downloads/projects/erp/server/src/services/SpareService.ts:238:22),
  companyId: '6889d16fb078601eca6fed53',
  level: 'error',
  message: 'Error getting low stock spares',
  timestamp: '2025-08-06 00:40:06:406'
}
{
  error: AppError: Failed to retrieve low stock spares
      at SpareService.getLowStockSpares (/Users/rajat/Downloads/projects/erp/server/src/services/SpareService.ts:254:13)
      at processTicksAndRejections (node:internal/process/task_queues:105:5)
      at async SpareController.getLowStockSpares (/Users/rajat/Downloads/projects/erp/server/src/controllers/SpareController.ts:130:22) {
    statusCode: 500,
    isOperational: true,
    details: Error: Comparison operator must be an array of length 2
        at castComparison (/Users/rajat/Downloads/projects/erp/server/node_modules/.pnpm/mongoose@8.16.4/node_modules/mongoose/lib/helpers/query/cast$expr.js:210:11)
        at _castExpression (/Users/rajat/Downloads/projects/erp/server/node_modules/.pnpm/mongoose@8.16.4/node_modules/mongoose/lib/helpers/query/cast$expr.js:112:18)
        at cast$expr (/Users/rajat/Downloads/projects/erp/server/node_modules/.pnpm/mongoose@8.16.4/node_modules/mongoose/lib/helpers/query/cast$expr.js:79:10)
        at cast (/Users/rajat/Downloads/projects/erp/server/node_modules/.pnpm/mongoose@8.16.4/node_modules/mongoose/lib/cast.js:104:13)
        at model.Query.Query.cast (/Users/rajat/Downloads/projects/erp/server/node_modules/.pnpm/mongoose@8.16.4/node_modules/mongoose/lib/query.js:5055:12)
        at model.Query.Query._castConditions (/Users/rajat/Downloads/projects/erp/server/node_modules/.pnpm/mongoose@8.16.4/node_modules/mongoose/lib/query.js:2351:10)
        at model.Query._find (/Users/rajat/Downloads/projects/erp/server/node_modules/.pnpm/mongoose@8.16.4/node_modules/mongoose/lib/query.js:2378:8)
        at model.Query.exec (/Users/rajat/Downloads/projects/erp/server/node_modules/.pnpm/mongoose@8.16.4/node_modules/mongoose/lib/query.js:4604:80)
        at processTicksAndRejections (node:internal/process/task_queues:105:5)
        at async SpareService.getLowStockSpares (/Users/rajat/Downloads/projects/erp/server/src/services/SpareService.ts:238:22)
  },
  message: 'Spare controller error Operation failed',
  level: 'error',
  timestamp: '2025-08-06 00:40:06:406'
}
{
  error: Error: Comparison operator must be an array of length 2
      at castComparison (/Users/rajat/Downloads/projects/erp/server/node_modules/.pnpm/mongoose@8.16.4/node_modules/mongoose/lib/helpers/query/cast$expr.js:210:11)
      at _castExpression (/Users/rajat/Downloads/projects/erp/server/node_modules/.pnpm/mongoose@8.16.4/node_modules/mongoose/lib/helpers/query/cast$expr.js:112:18)
      at cast$expr (/Users/rajat/Downloads/projects/erp/server/node_modules/.pnpm/mongoose@8.16.4/node_modules/mongoose/lib/helpers/query/cast$expr.js:79:10)
      at cast (/Users/rajat/Downloads/projects/erp/server/node_modules/.pnpm/mongoose@8.16.4/node_modules/mongoose/lib/cast.js:104:13)
      at model.Query.Query.cast (/Users/rajat/Downloads/projects/erp/server/node_modules/.pnpm/mongoose@8.16.4/node_modules/mongoose/lib/query.js:5055:12)
      at model.Query.Query._castConditions (/Users/rajat/Downloads/projects/erp/server/node_modules/.pnpm/mongoose@8.16.4/node_modules/mongoose/lib/query.js:2351:10)
      at model.Query._find (/Users/rajat/Downloads/projects/erp/server/node_modules/.pnpm/mongoose@8.16.4/node_modules/mongoose/lib/query.js:2378:8)
      at model.Query.exec (/Users/rajat/Downloads/projects/erp/server/node_modules/.pnpm/mongoose@8.16.4/node_modules/mongoose/lib/query.js:4604:80)
      at processTicksAndRejections (node:internal/process/task_queues:105:5)
      at async SpareService.getLowStockSpares (/Users/rajat/Downloads/projects/erp/server/src/services/SpareService.ts:238:22),
  companyId: '6889d16fb078601eca6fed53',
  level: 'error',
  message: 'Error getting low stock spares',
  timestamp: '2025-08-06 01:01:22:122'
}
{
  error: AppError: Failed to retrieve low stock spares
      at SpareService.getLowStockSpares (/Users/rajat/Downloads/projects/erp/server/src/services/SpareService.ts:254:13)
      at processTicksAndRejections (node:internal/process/task_queues:105:5)
      at async SpareController.getLowStockSpares (/Users/rajat/Downloads/projects/erp/server/src/controllers/SpareController.ts:130:22) {
    statusCode: 500,
    isOperational: true,
    details: Error: Comparison operator must be an array of length 2
        at castComparison (/Users/rajat/Downloads/projects/erp/server/node_modules/.pnpm/mongoose@8.16.4/node_modules/mongoose/lib/helpers/query/cast$expr.js:210:11)
        at _castExpression (/Users/rajat/Downloads/projects/erp/server/node_modules/.pnpm/mongoose@8.16.4/node_modules/mongoose/lib/helpers/query/cast$expr.js:112:18)
        at cast$expr (/Users/rajat/Downloads/projects/erp/server/node_modules/.pnpm/mongoose@8.16.4/node_modules/mongoose/lib/helpers/query/cast$expr.js:79:10)
        at cast (/Users/rajat/Downloads/projects/erp/server/node_modules/.pnpm/mongoose@8.16.4/node_modules/mongoose/lib/cast.js:104:13)
        at model.Query.Query.cast (/Users/rajat/Downloads/projects/erp/server/node_modules/.pnpm/mongoose@8.16.4/node_modules/mongoose/lib/query.js:5055:12)
        at model.Query.Query._castConditions (/Users/rajat/Downloads/projects/erp/server/node_modules/.pnpm/mongoose@8.16.4/node_modules/mongoose/lib/query.js:2351:10)
        at model.Query._find (/Users/rajat/Downloads/projects/erp/server/node_modules/.pnpm/mongoose@8.16.4/node_modules/mongoose/lib/query.js:2378:8)
        at model.Query.exec (/Users/rajat/Downloads/projects/erp/server/node_modules/.pnpm/mongoose@8.16.4/node_modules/mongoose/lib/query.js:4604:80)
        at processTicksAndRejections (node:internal/process/task_queues:105:5)
        at async SpareService.getLowStockSpares (/Users/rajat/Downloads/projects/erp/server/src/services/SpareService.ts:238:22)
  },
  message: 'Spare controller error Operation failed',
  level: 'error',
  timestamp: '2025-08-06 01:01:22:122'
}
