{
  error: 'listen EADDRINUSE: address already in use :::4000',
  stack: 'Error: listen EADDRINUSE: address already in use :::4000\n' +
    '    at Server.setupListenHandle [as _listen2] (node:net:1905:16)\n' +
    '    at listenInCluster (node:net:1962:12)\n' +
    '    at Server.listen (node:net:2064:7)\n' +
    '    at startServer (/Users/rajat/Downloads/projects/erp/server/src/server.ts:476:16)\n' +
    '    at processTicksAndRejections (node:internal/process/task_queues:105:5)',
  level: 'error',
  message: 'Uncaught Exception',
  timestamp: '2025-08-05 00:29:12:2912'
}
{
  error: 'listen EADDRINUSE: address already in use :::4000',
  stack: 'Error: listen EADDRINUSE: address already in use :::4000\n' +
    '    at Server.setupListenHandle [as _listen2] (node:net:1905:16)\n' +
    '    at listenInCluster (node:net:1962:12)\n' +
    '    at Server.listen (node:net:2064:7)\n' +
    '    at startServer (/Users/rajat/Downloads/projects/erp/server/src/server.ts:476:16)\n' +
    '    at processTicksAndRejections (node:internal/process/task_queues:105:5)',
  level: 'error',
  message: 'Uncaught Exception',
  timestamp: '2025-08-05 00:29:34:2934'
}
{
  method: 'GET',
  path: '/',
  ip: '::1',
  userAgent: 'Mozilla/5.0 (Macintosh; Intel Mac OS X 10_15_7) AppleWebKit/537.36 (KHTML, like Gecko) Chrome/138.0.0.0 Safari/537.36',
  level: 'warn',
  message: 'Route not found',
  timestamp: '2025-08-05 00:30:55:3055'
}
{
  method: 'GET',
  path: '/',
  ip: '::1',
  userAgent: 'Mozilla/5.0 (Macintosh; Intel Mac OS X 10_15_7) AppleWebKit/537.36 (KHTML, like Gecko) Chrome/138.0.0.0 Safari/537.36',
  level: 'warn',
  message: 'Route not found',
  timestamp: '2025-08-05 00:31:01:311'
}
{
  method: 'GET',
  path: '/',
  ip: '::1',
  userAgent: 'Mozilla/5.0 (Linux; Android 6.0; Nexus 5 Build/MRA58N) AppleWebKit/537.36 (KHTML, like Gecko) Chrome/138.0.0.0 Mobile Safari/537.36',
  level: 'warn',
  message: 'Route not found',
  timestamp: '2025-08-05 00:31:15:3115'
}
{
  method: 'GET',
  path: '/',
  ip: '::1',
  userAgent: 'Mozilla/5.0 (Linux; Android 6.0; Nexus 5 Build/MRA58N) AppleWebKit/537.36 (KHTML, like Gecko) Chrome/138.0.0.0 Mobile Safari/537.36',
  level: 'warn',
  message: 'Route not found',
  timestamp: '2025-08-05 00:32:09:329'
}
{
  message: 'Mongoose disconnected from MongoDB',
  level: 'warn',
  timestamp: '2025-08-05 00:43:03:433'
}
{
  message: 'Mongoose disconnected from MongoDB',
  level: 'warn',
  timestamp: '2025-08-05 01:37:02:372'
}
{
  message: 'Mongoose disconnected from MongoDB',
  level: 'warn',
  timestamp: '2025-08-05 01:47:50:4750'
}
{
  message: 'Mongoose disconnected from MongoDB',
  level: 'warn',
  timestamp: '2025-08-05 02:14:00:140'
}
{
  message: 'Mongoose disconnected from MongoDB',
  level: 'warn',
  timestamp: '2025-08-05 02:24:27:2427'
}
{
  message: 'Mongoose disconnected from MongoDB',
  level: 'warn',
  timestamp: '2025-08-05 02:54:33:5433'
}
{
  message: 'Mongoose disconnected from MongoDB',
  level: 'warn',
  timestamp: '2025-08-05 03:05:00:50'
}
{
  message: 'Mongoose disconnected from MongoDB',
  level: 'warn',
  timestamp: '2025-08-05 03:15:27:1527'
}
{
  message: 'Mongoose disconnected from MongoDB',
  level: 'warn',
  timestamp: '2025-08-05 03:25:51:2551'
}
{
  message: 'Mongoose disconnected from MongoDB',
  level: 'warn',
  timestamp: '2025-08-05 03:55:29:5529'
}
{
  message: 'Mongoose disconnected from MongoDB',
  level: 'warn',
  timestamp: '2025-08-05 04:05:52:552'
}
{
  message: 'Mongoose disconnected from MongoDB',
  level: 'warn',
  timestamp: '2025-08-05 04:16:14:1614'
}
{
  message: 'Mongoose disconnected from MongoDB',
  level: 'warn',
  timestamp: '2025-08-05 04:56:29:5629'
}
{
  message: 'Mongoose disconnected from MongoDB',
  level: 'warn',
  timestamp: '2025-08-05 05:30:56:3056'
}
{
  message: 'Mongoose disconnected from MongoDB',
  level: 'warn',
  timestamp: '2025-08-05 05:47:01:471'
}
{
  message: 'Mongoose disconnected from MongoDB',
  level: 'warn',
  timestamp: '2025-08-05 06:08:00:80'
}
{
  message: 'Mongoose disconnected from MongoDB',
  level: 'warn',
  timestamp: '2025-08-05 06:25:24:2524'
}
{
  message: 'Mongoose disconnected from MongoDB',
  level: 'warn',
  timestamp: '2025-08-05 06:36:11:3611'
}
{
  message: 'Mongoose disconnected from MongoDB',
  level: 'warn',
  timestamp: '2025-08-05 06:47:56:4756'
}
{
  message: 'Mongoose disconnected from MongoDB',
  level: 'warn',
  timestamp: '2025-08-05 07:03:39:339'
}
{
  message: 'Mongoose disconnected from MongoDB',
  level: 'warn',
  timestamp: '2025-08-05 07:35:16:3516'
}
{
  message: 'Mongoose disconnected from MongoDB',
  level: 'warn',
  timestamp: '2025-08-05 07:49:00:490'
}
{
  message: 'Mongoose disconnected from MongoDB',
  level: 'warn',
  timestamp: '2025-08-05 07:59:31:5931'
}
{
  message: 'Mongoose disconnected from MongoDB',
  level: 'warn',
  timestamp: '2025-08-05 08:20:24:2024'
}
{
  message: 'Mongoose disconnected from MongoDB',
  level: 'warn',
  timestamp: '2025-08-05 08:36:09:369'
}
{
  message: 'Mongoose disconnected from MongoDB',
  level: 'warn',
  timestamp: '2025-08-05 08:44:42:4442'
}
{
  message: 'Mongoose disconnected from MongoDB',
  level: 'warn',
  timestamp: '2025-08-05 08:54:58:5458'
}
{
  message: 'Mongoose disconnected from MongoDB',
  level: 'warn',
  timestamp: '2025-08-05 09:05:25:525'
}
{
  message: 'Mongoose disconnected from MongoDB',
  level: 'warn',
  timestamp: '2025-08-05 09:11:30:1130'
}
{
  message: 'Mongoose disconnected from MongoDB',
  level: 'warn',
  timestamp: '2025-08-05 09:11:44:1144'
}
{
  method: 'GET',
  path: '/',
  ip: '::1',
  userAgent: 'Mozilla/5.0 (Linux; Android 6.0; Nexus 5 Build/MRA58N) AppleWebKit/537.36 (KHTML, like Gecko) Chrome/138.0.0.0 Mobile Safari/537.36',
  level: 'warn',
  message: 'Route not found',
  timestamp: '2025-08-05 09:12:09:129'
}
{
  method: 'GET',
  path: '/',
  ip: '::1',
  userAgent: 'Mozilla/5.0 (Linux; Android 6.0; Nexus 5 Build/MRA58N) AppleWebKit/537.36 (KHTML, like Gecko) Chrome/138.0.0.0 Mobile Safari/537.36',
  level: 'warn',
  message: 'Route not found',
  timestamp: '2025-08-05 09:12:21:1221'
}
{
  method: 'GET',
  path: '/',
  ip: '::1',
  userAgent: 'Mozilla/5.0 (Linux; Android 6.0; Nexus 5 Build/MRA58N) AppleWebKit/537.36 (KHTML, like Gecko) Chrome/138.0.0.0 Mobile Safari/537.36',
  level: 'warn',
  message: 'Route not found',
  timestamp: '2025-08-05 09:15:11:1511'
}
{
  error: 'Invalid token',
  ip: '::1',
  userAgent: 'curl/8.7.1',
  path: '/customer-visits',
  level: 'warn',
  message: 'Authentication failed',
  timestamp: '2025-08-05 09:15:54:1554'
}
{
  error: 'listen EADDRINUSE: address already in use :::4000',
  stack: 'Error: listen EADDRINUSE: address already in use :::4000\n' +
    '    at Server.setupListenHandle [as _listen2] (node:net:1905:16)\n' +
    '    at listenInCluster (node:net:1962:12)\n' +
    '    at Server.listen (node:net:2064:7)\n' +
    '    at startServer (/Users/rajat/Downloads/projects/erp/server/src/server.ts:476:16)\n' +
    '    at processTicksAndRejections (node:internal/process/task_queues:105:5)',
  level: 'error',
  message: 'Uncaught Exception',
  timestamp: '2025-08-05 09:16:08:168'
}
{
  error: 'listen EADDRINUSE: address already in use :::4000',
  stack: 'Error: listen EADDRINUSE: address already in use :::4000\n' +
    '    at Server.setupListenHandle [as _listen2] (node:net:1940:16)\n' +
    '    at listenInCluster (node:net:1997:12)\n' +
    '    at Server.listen (node:net:2102:7)\n' +
    '    at startServer (/Users/rajat/Downloads/projects/erp/server/src/server.ts:476:16)\n' +
    '    at processTicksAndRejections (node:internal/process/task_queues:105:5)',
  level: 'error',
  message: 'Uncaught Exception',
  timestamp: '2025-08-05 09:17:47:1747'
}
{
  message: 'Mongoose disconnected from MongoDB',
  level: 'warn',
  timestamp: '2025-08-05 09:30:50:3050'
}
{
  method: 'GET',
  path: '/',
  ip: '::1',
  userAgent: 'Mozilla/5.0 (Linux; Android 6.0; Nexus 5 Build/MRA58N) AppleWebKit/537.36 (KHTML, like Gecko) Chrome/138.0.0.0 Mobile Safari/537.36',
  level: 'warn',
  message: 'Route not found',
  timestamp: '2025-08-05 09:32:49:3249'
}
{
  error: 'listen EADDRINUSE: address already in use :::4000',
  stack: 'Error: listen EADDRINUSE: address already in use :::4000\n' +
    '    at Server.setupListenHandle [as _listen2] (node:net:1905:16)\n' +
    '    at listenInCluster (node:net:1962:12)\n' +
    '    at Server.listen (node:net:2064:7)\n' +
    '    at startServer (/Users/rajat/Downloads/projects/erp/server/src/server.ts:476:16)\n' +
    '    at processTicksAndRejections (node:internal/process/task_queues:105:5)',
  level: 'error',
  message: 'Uncaught Exception',
  timestamp: '2025-08-05 09:35:48:3548'
}
{
  message: 'Mongoose disconnected from MongoDB',
  level: 'warn',
  timestamp: '2025-08-05 09:36:01:361'
}
{
  errorLabelSet: Set(1) { 'PoolRequstedRetry' },
  beforeHandshake: false,
  address: 'ac-mlwf7mg-shard-00-02.h5jya9a.mongodb.net:27017',
  level: 'error',
  message: '❌ Failed to create index for users: Recent login tracking Connection pool for ac-mlwf7mg-shard-00-02.h5jya9a.mongodb.net:27017 was cleared because another operation failed with: "connection 15 to 159.41.188.76:27017 timed out"',
  stack: 'MongoPoolClearedError: Connection pool for ac-mlwf7mg-shard-00-02.h5jya9a.mongodb.net:27017 was cleared because another operation failed with: "connection 15 to 159.41.188.76:27017 timed out"\n' +
    '    at ConnectionPool.processWaitQueue (/Users/rajat/Downloads/projects/erp/server/node_modules/.pnpm/mongodb@6.17.0/node_modules/mongodb/src/cmap/connection_pool.ts:749:65)\n' +
    '    at ConnectionPool.clear (/Users/rajat/Downloads/projects/erp/server/node_modules/.pnpm/mongodb@6.17.0/node_modules/mongodb/src/cmap/connection_pool.ts:476:10)\n' +
    '    at updateServers (/Users/rajat/Downloads/projects/erp/server/node_modules/.pnpm/mongodb@6.17.0/node_modules/mongodb/src/sdam/topology.ts:874:21)\n' +
    '    at Topology.serverUpdateHandler (/Users/rajat/Downloads/projects/erp/server/node_modules/.pnpm/mongodb@6.17.0/node_modules/mongodb/src/sdam/topology.ts:732:5)\n' +
    '    at Server.<anonymous> (/Users/rajat/Downloads/projects/erp/server/node_modules/.pnpm/mongodb@6.17.0/node_modules/mongodb/src/sdam/topology.ts:850:66)\n' +
    '    at Server.emit (node:events:507:28)\n' +
    '    at Server.emit (node:domain:489:12)\n' +
    '    at markServerUnknown (/Users/rajat/Downloads/projects/erp/server/node_modules/.pnpm/mongodb@6.17.0/node_modules/mongodb/src/sdam/server.ts:533:10)\n' +
    '    at Server.handleError (/Users/rajat/Downloads/projects/erp/server/node_modules/.pnpm/mongodb@6.17.0/node_modules/mongodb/src/sdam/server.ts:413:9)\n' +
    '    at /Users/rajat/Downloads/projects/erp/server/node_modules/.pnpm/mongodb@6.17.0/node_modules/mongodb/src/cmap/connection_pool.ts:673:21',
  cause: MongoNetworkTimeoutError: connection 15 to 159.41.188.76:27017 timed out
      at Timeout._onTimeout (/Users/rajat/Downloads/projects/erp/server/node_modules/.pnpm/mongodb@6.17.0/node_modules/mongodb/src/cmap/connection.ts:328:20)
      at listOnTimeout (node:internal/timers:608:17)
      at processTimers (node:internal/timers:543:7) {
    errorLabelSet: Set(2) { 'HandshakeError', 'ResetPool' },
    beforeHandshake: true,
    connectionGeneration: 0,
    [cause]: undefined
  },
  timestamp: '2025-08-05 09:36:01:361'
}
{
  message: 'Mongoose disconnected from MongoDB',
  level: 'warn',
  timestamp: '2025-08-05 09:40:46:4046'
}
{
  method: 'GET',
  path: '/',
  ip: '::1',
  userAgent: 'Mozilla/5.0 (Linux; Android 6.0; Nexus 5 Build/MRA58N) AppleWebKit/537.36 (KHTML, like Gecko) Chrome/138.0.0.0 Mobile Safari/537.36',
  level: 'warn',
  message: 'Route not found',
  timestamp: '2025-08-05 09:41:19:4119'
}
{
  method: 'GET',
  path: '/',
  ip: '::1',
  userAgent: 'Mozilla/5.0 (Linux; Android 6.0; Nexus 5 Build/MRA58N) AppleWebKit/537.36 (KHTML, like Gecko) Chrome/138.0.0.0 Mobile Safari/537.36',
  level: 'warn',
  message: 'Route not found',
  timestamp: '2025-08-05 09:41:32:4132'
}
{
  method: 'GET',
  path: '/',
  ip: '::1',
  userAgent: 'Mozilla/5.0 (Linux; Android 6.0; Nexus 5 Build/MRA58N) AppleWebKit/537.36 (KHTML, like Gecko) Chrome/138.0.0.0 Mobile Safari/537.36',
  level: 'warn',
  message: 'Route not found',
  timestamp: '2025-08-05 09:42:19:4219'
}
{
  method: 'GET',
  path: '/',
  ip: '::1',
  userAgent: 'Mozilla/5.0 (Linux; Android 6.0; Nexus 5 Build/MRA58N) AppleWebKit/537.36 (KHTML, like Gecko) Chrome/138.0.0.0 Mobile Safari/537.36',
  level: 'warn',
  message: 'Route not found',
  timestamp: '2025-08-05 09:43:04:434'
}
{
  method: 'GET',
  path: '/',
  ip: '::1',
  userAgent: 'Mozilla/5.0 (Linux; Android 6.0; Nexus 5 Build/MRA58N) AppleWebKit/537.36 (KHTML, like Gecko) Chrome/138.0.0.0 Mobile Safari/537.36',
  level: 'warn',
  message: 'Route not found',
  timestamp: '2025-08-05 09:43:04:434'
}
{
  method: 'GET',
  path: '/',
  ip: '::1',
  userAgent: 'Mozilla/5.0 (Linux; Android 6.0; Nexus 5 Build/MRA58N) AppleWebKit/537.36 (KHTML, like Gecko) Chrome/138.0.0.0 Mobile Safari/537.36',
  level: 'warn',
  message: 'Route not found',
  timestamp: '2025-08-05 09:43:17:4317'
}
{
  method: 'GET',
  path: '/',
  ip: '::1',
  userAgent: 'Mozilla/5.0 (Linux; Android 6.0; Nexus 5 Build/MRA58N) AppleWebKit/537.36 (KHTML, like Gecko) Chrome/138.0.0.0 Mobile Safari/537.36',
  level: 'warn',
  message: 'Route not found',
  timestamp: '2025-08-05 09:44:24:4424'
}
{
  message: 'Mongoose disconnected from MongoDB',
  level: 'warn',
  timestamp: '2025-08-05 21:44:02:442'
}
{
  message: 'Mongoose disconnected from MongoDB',
  level: 'warn',
  timestamp: '2025-08-05 22:16:55:1655'
}
{
  message: 'Mongoose disconnected from MongoDB',
  level: 'warn',
  timestamp: '2025-08-05 22:33:28:3328'
}
{
  message: 'Mongoose disconnected from MongoDB',
  level: 'warn',
  timestamp: '2025-08-05 22:50:27:5027'
}
{
  method: 'GET',
  path: '/',
  ip: '::1',
  userAgent: 'Mozilla/5.0 (Macintosh; Intel Mac OS X 10_15_7) AppleWebKit/537.36 (KHTML, like Gecko) Chrome/138.0.0.0 Safari/537.36',
  level: 'warn',
  message: 'Route not found',
  timestamp: '2025-08-05 22:55:42:5542'
}
{
  method: 'GET',
  path: '/',
  ip: '::1',
  userAgent: 'Mozilla/5.0 (Macintosh; Intel Mac OS X 10_15_7) AppleWebKit/537.36 (KHTML, like Gecko) Chrome/138.0.0.0 Safari/537.36',
  level: 'warn',
  message: 'Route not found',
  timestamp: '2025-08-05 22:55:51:5551'
}
