{
  method: 'GET',
  path: '/',
  ip: '::1',
  userAgent: 'curl/8.7.1',
  level: 'warn',
  message: 'Route not found',
  timestamp: '2025-08-04 00:00:57:057'
}
{
  error: 'listen EADDRINUSE: address already in use :::4000',
  stack: 'Error: listen EADDRINUSE: address already in use :::4000\n' +
    '    at Server.setupListenHandle [as _listen2] (node:net:1940:16)\n' +
    '    at listenInCluster (node:net:1997:12)\n' +
    '    at Server.listen (node:net:2102:7)\n' +
    '    at startServer (/Users/rajat/Downloads/projects/erp/server/src/server.ts:466:16)\n' +
    '    at processTicksAndRejections (node:internal/process/task_queues:105:5)',
  level: 'error',
  message: 'Uncaught Exception',
  timestamp: '2025-08-04 00:56:32:5632'
}
{
  error: 'listen EADDRINUSE: address already in use :::4000',
  stack: 'Error: listen EADDRINUSE: address already in use :::4000\n' +
    '    at Server.setupListenHandle [as _listen2] (node:net:1905:16)\n' +
    '    at listenInCluster (node:net:1962:12)\n' +
    '    at Server.listen (node:net:2064:7)\n' +
    '    at startServer (/Users/rajat/Downloads/projects/erp/server/src/server.ts:466:16)\n' +
    '    at processTicksAndRejections (node:internal/process/task_queues:105:5)',
  level: 'error',
  message: 'Uncaught Exception',
  timestamp: '2025-08-04 01:07:46:746'
}
{
  error: 'listen EADDRINUSE: address already in use :::4000',
  stack: 'Error: listen EADDRINUSE: address already in use :::4000\n' +
    '    at Server.setupListenHandle [as _listen2] (node:net:1905:16)\n' +
    '    at listenInCluster (node:net:1962:12)\n' +
    '    at Server.listen (node:net:2064:7)\n' +
    '    at startServer (/Users/rajat/Downloads/projects/erp/server/src/server.ts:466:16)\n' +
    '    at processTicksAndRejections (node:internal/process/task_queues:105:5)',
  level: 'error',
  message: 'Uncaught Exception',
  timestamp: '2025-08-04 01:13:40:1340'
}
{
  error: 'listen EADDRINUSE: address already in use :::4000',
  stack: 'Error: listen EADDRINUSE: address already in use :::4000\n' +
    '    at Server.setupListenHandle [as _listen2] (node:net:1905:16)\n' +
    '    at listenInCluster (node:net:1962:12)\n' +
    '    at Server.listen (node:net:2064:7)\n' +
    '    at startServer (/Users/rajat/Downloads/projects/erp/server/src/server.ts:466:16)\n' +
    '    at processTicksAndRejections (node:internal/process/task_queues:105:5)',
  level: 'error',
  message: 'Uncaught Exception',
  timestamp: '2025-08-04 01:14:21:1421'
}
{
  error: 'listen EADDRINUSE: address already in use :::4000',
  stack: 'Error: listen EADDRINUSE: address already in use :::4000\n' +
    '    at Server.setupListenHandle [as _listen2] (node:net:1905:16)\n' +
    '    at listenInCluster (node:net:1962:12)\n' +
    '    at Server.listen (node:net:2064:7)\n' +
    '    at startServer (/Users/rajat/Downloads/projects/erp/server/src/server.ts:466:16)\n' +
    '    at processTicksAndRejections (node:internal/process/task_queues:105:5)',
  level: 'error',
  message: 'Uncaught Exception',
  timestamp: '2025-08-04 01:14:46:1446'
}
{
  message: 'Mongoose disconnected from MongoDB',
  level: 'warn',
  timestamp: '2025-08-04 01:15:10:1510'
}
{
  method: 'GET',
  path: '/',
  ip: '::1',
  userAgent: 'Mozilla/5.0 (Macintosh; Intel Mac OS X 10_15_7) AppleWebKit/537.36 (KHTML, like Gecko) Chrome/138.0.0.0 Safari/537.36',
  level: 'warn',
  message: 'Route not found',
  timestamp: '2025-08-04 01:25:45:2545'
}
{
  message: 'Mongoose disconnected from MongoDB',
  level: 'warn',
  timestamp: '2025-08-04 02:36:51:3651'
}
{
  message: 'Mongoose disconnected from MongoDB',
  level: 'warn',
  timestamp: '2025-08-04 02:47:14:4714'
}
{
  message: 'Mongoose disconnected from MongoDB',
  level: 'warn',
  timestamp: '2025-08-04 02:57:40:5740'
}
{
  message: 'Mongoose disconnected from MongoDB',
  level: 'warn',
  timestamp: '2025-08-04 03:08:03:83'
}
{
  message: 'Mongoose disconnected from MongoDB',
  level: 'warn',
  timestamp: '2025-08-04 03:18:27:1827'
}
{
  message: 'Mongoose disconnected from MongoDB',
  level: 'warn',
  timestamp: '2025-08-04 03:28:51:2851'
}
{
  message: 'Mongoose disconnected from MongoDB',
  level: 'warn',
  timestamp: '2025-08-04 03:44:37:4437'
}
{
  message: 'Mongoose disconnected from MongoDB',
  level: 'warn',
  timestamp: '2025-08-04 03:55:20:5520'
}
{
  message: 'Mongoose disconnected from MongoDB',
  level: 'warn',
  timestamp: '2025-08-04 04:05:44:544'
}
{
  message: 'Mongoose disconnected from MongoDB',
  level: 'warn',
  timestamp: '2025-08-04 04:59:43:5943'
}
{
  message: 'Mongoose disconnected from MongoDB',
  level: 'warn',
  timestamp: '2025-08-04 05:14:08:148'
}
{
  message: 'Mongoose disconnected from MongoDB',
  level: 'warn',
  timestamp: '2025-08-04 05:25:25:2525'
}
{
  message: 'Mongoose disconnected from MongoDB',
  level: 'warn',
  timestamp: '2025-08-04 06:41:12:4112'
}
{
  message: 'Mongoose disconnected from MongoDB',
  level: 'warn',
  timestamp: '2025-08-04 06:59:23:5923'
}
{
  message: 'Mongoose disconnected from MongoDB',
  level: 'warn',
  timestamp: '2025-08-04 07:12:39:1239'
}
{
  message: 'Mongoose disconnected from MongoDB',
  level: 'warn',
  timestamp: '2025-08-04 07:23:38:2338'
}
{
  message: 'Mongoose disconnected from MongoDB',
  level: 'warn',
  timestamp: '2025-08-04 07:50:29:5029'
}
{
  message: 'Mongoose disconnected from MongoDB',
  level: 'warn',
  timestamp: '2025-08-04 08:11:43:1143'
}
{
  message: 'Mongoose disconnected from MongoDB',
  level: 'warn',
  timestamp: '2025-08-04 08:22:06:226'
}
{
  message: 'Mongoose disconnected from MongoDB',
  level: 'warn',
  timestamp: '2025-08-04 08:32:30:3230'
}
{
  message: 'Mongoose disconnected from MongoDB',
  level: 'warn',
  timestamp: '2025-08-04 08:42:53:4253'
}
{
  message: 'Mongoose disconnected from MongoDB',
  level: 'warn',
  timestamp: '2025-08-04 09:14:09:149'
}
{
  message: 'Mongoose disconnected from MongoDB',
  level: 'warn',
  timestamp: '2025-08-04 09:34:57:3457'
}
{
  message: 'Mongoose disconnected from MongoDB',
  level: 'warn',
  timestamp: '2025-08-04 09:36:15:3615'
}
{
  message: 'Mongoose disconnected from MongoDB',
  level: 'warn',
  timestamp: '2025-08-04 20:06:36:636'
}
{
  message: 'Mongoose disconnected from MongoDB',
  level: 'warn',
  timestamp: '2025-08-04 21:15:19:1519'
}
{
  message: 'Mongoose disconnected from MongoDB',
  level: 'warn',
  timestamp: '2025-08-04 21:25:47:2547'
}
{
  message: 'Mongoose disconnected from MongoDB',
  level: 'warn',
  timestamp: '2025-08-04 21:36:08:368'
}
{
  message: 'Mongoose disconnected from MongoDB',
  level: 'warn',
  timestamp: '2025-08-04 21:47:21:4721'
}
{
  message: 'Mongoose disconnected from MongoDB',
  level: 'warn',
  timestamp: '2025-08-04 22:15:04:154'
}
{
  method: 'GET',
  path: '/',
  ip: '::1',
  userAgent: 'Mozilla/5.0 (Macintosh; Intel Mac OS X 10_15_7) AppleWebKit/537.36 (KHTML, like Gecko) Chrome/138.0.0.0 Safari/537.36',
  level: 'warn',
  message: 'Route not found',
  timestamp: '2025-08-04 23:20:29:2029'
}
{
  method: 'GET',
  path: '/',
  ip: '::1',
  userAgent: 'Mozilla/5.0 (Macintosh; Intel Mac OS X 10_15_7) AppleWebKit/537.36 (KHTML, like Gecko) Chrome/138.0.0.0 Safari/537.36',
  level: 'warn',
  message: 'Route not found',
  timestamp: '2025-08-04 23:20:29:2029'
}
{
  method: 'GET',
  path: '/',
  ip: '::1',
  userAgent: 'Mozilla/5.0 (Linux; Android 6.0; Nexus 5 Build/MRA58N) AppleWebKit/537.36 (KHTML, like Gecko) Chrome/138.0.0.0 Mobile Safari/537.36',
  level: 'warn',
  message: 'Route not found',
  timestamp: '2025-08-04 23:20:47:2047'
}
{
  method: 'GET',
  path: '/',
  ip: '::1',
  userAgent: 'Mozilla/5.0 (Linux; Android 6.0; Nexus 5 Build/MRA58N) AppleWebKit/537.36 (KHTML, like Gecko) Chrome/138.0.0.0 Mobile Safari/537.36',
  level: 'warn',
  message: 'Route not found',
  timestamp: '2025-08-04 23:20:47:2047'
}
{
  method: 'GET',
  path: '/',
  ip: '::1',
  userAgent: 'Mozilla/5.0 (Linux; Android 6.0; Nexus 5 Build/MRA58N) AppleWebKit/537.36 (KHTML, like Gecko) Chrome/138.0.0.0 Mobile Safari/537.36',
  level: 'warn',
  message: 'Route not found',
  timestamp: '2025-08-04 23:21:18:2118'
}
{
  method: 'GET',
  path: '/',
  ip: '::1',
  userAgent: 'Mozilla/5.0 (Linux; Android 6.0; Nexus 5 Build/MRA58N) AppleWebKit/537.36 (KHTML, like Gecko) Chrome/138.0.0.0 Mobile Safari/537.36',
  level: 'warn',
  message: 'Route not found',
  timestamp: '2025-08-04 23:21:18:2118'
}
{
  method: 'GET',
  path: '/',
  ip: '::1',
  userAgent: 'Mozilla/5.0 (Linux; Android 6.0; Nexus 5 Build/MRA58N) AppleWebKit/537.36 (KHTML, like Gecko) Chrome/138.0.0.0 Mobile Safari/537.36',
  level: 'warn',
  message: 'Route not found',
  timestamp: '2025-08-04 23:21:48:2148'
}
{
  method: 'GET',
  path: '/',
  ip: '::1',
  userAgent: 'Mozilla/5.0 (Linux; Android 6.0; Nexus 5 Build/MRA58N) AppleWebKit/537.36 (KHTML, like Gecko) Chrome/138.0.0.0 Mobile Safari/537.36',
  level: 'warn',
  message: 'Route not found',
  timestamp: '2025-08-04 23:21:54:2154'
}
{
  method: 'GET',
  path: '/',
  ip: '::1',
  userAgent: 'Mozilla/5.0 (Linux; Android 6.0; Nexus 5 Build/MRA58N) AppleWebKit/537.36 (KHTML, like Gecko) Chrome/138.0.0.0 Mobile Safari/537.36',
  level: 'warn',
  message: 'Route not found',
  timestamp: '2025-08-04 23:21:54:2154'
}
{
  method: 'GET',
  path: '/',
  ip: '::1',
  userAgent: 'Mozilla/5.0 (Linux; Android 6.0; Nexus 5 Build/MRA58N) AppleWebKit/537.36 (KHTML, like Gecko) Chrome/138.0.0.0 Mobile Safari/537.36',
  level: 'warn',
  message: 'Route not found',
  timestamp: '2025-08-04 23:22:24:2224'
}
{
  method: 'GET',
  path: '/',
  ip: '::1',
  userAgent: 'Mozilla/5.0 (Linux; Android 6.0; Nexus 5 Build/MRA58N) AppleWebKit/537.36 (KHTML, like Gecko) Chrome/138.0.0.0 Mobile Safari/537.36',
  level: 'warn',
  message: 'Route not found',
  timestamp: '2025-08-04 23:22:54:2254'
}
{
  method: 'GET',
  path: '/',
  ip: '::1',
  userAgent: 'Mozilla/5.0 (Linux; Android 6.0; Nexus 5 Build/MRA58N) AppleWebKit/537.36 (KHTML, like Gecko) Chrome/138.0.0.0 Mobile Safari/537.36',
  level: 'warn',
  message: 'Route not found',
  timestamp: '2025-08-04 23:22:55:2255'
}
{
  method: 'GET',
  path: '/',
  ip: '::1',
  userAgent: 'Mozilla/5.0 (Linux; Android 6.0; Nexus 5 Build/MRA58N) AppleWebKit/537.36 (KHTML, like Gecko) Chrome/138.0.0.0 Mobile Safari/537.36',
  level: 'warn',
  message: 'Route not found',
  timestamp: '2025-08-04 23:23:26:2326'
}
{
  method: 'GET',
  path: '/',
  ip: '::1',
  userAgent: 'Mozilla/5.0 (Linux; Android 6.0; Nexus 5 Build/MRA58N) AppleWebKit/537.36 (KHTML, like Gecko) Chrome/138.0.0.0 Mobile Safari/537.36',
  level: 'warn',
  message: 'Route not found',
  timestamp: '2025-08-04 23:23:55:2355'
}
{
  method: 'GET',
  path: '/',
  ip: '::1',
  userAgent: 'Mozilla/5.0 (Linux; Android 6.0; Nexus 5 Build/MRA58N) AppleWebKit/537.36 (KHTML, like Gecko) Chrome/138.0.0.0 Mobile Safari/537.36',
  level: 'warn',
  message: 'Route not found',
  timestamp: '2025-08-04 23:23:57:2357'
}
{
  method: 'GET',
  path: '/',
  ip: '::1',
  userAgent: 'Mozilla/5.0 (Linux; Android 6.0; Nexus 5 Build/MRA58N) AppleWebKit/537.36 (KHTML, like Gecko) Chrome/138.0.0.0 Mobile Safari/537.36',
  level: 'warn',
  message: 'Route not found',
  timestamp: '2025-08-04 23:24:28:2428'
}
{
  method: 'GET',
  path: '/',
  ip: '::1',
  userAgent: 'Mozilla/5.0 (Linux; Android 6.0; Nexus 5 Build/MRA58N) AppleWebKit/537.36 (KHTML, like Gecko) Chrome/138.0.0.0 Mobile Safari/537.36',
  level: 'warn',
  message: 'Route not found',
  timestamp: '2025-08-04 23:24:56:2456'
}
{
  method: 'GET',
  path: '/',
  ip: '::1',
  userAgent: 'Mozilla/5.0 (Linux; Android 6.0; Nexus 5 Build/MRA58N) AppleWebKit/537.36 (KHTML, like Gecko) Chrome/138.0.0.0 Mobile Safari/537.36',
  level: 'warn',
  message: 'Route not found',
  timestamp: '2025-08-04 23:24:59:2459'
}
{
  method: 'GET',
  path: '/',
  ip: '::1',
  userAgent: 'Mozilla/5.0 (Linux; Android 6.0; Nexus 5 Build/MRA58N) AppleWebKit/537.36 (KHTML, like Gecko) Chrome/138.0.0.0 Mobile Safari/537.36',
  level: 'warn',
  message: 'Route not found',
  timestamp: '2025-08-04 23:25:30:2530'
}
{
  method: 'GET',
  path: '/',
  ip: '::1',
  userAgent: 'Mozilla/5.0 (Linux; Android 6.0; Nexus 5 Build/MRA58N) AppleWebKit/537.36 (KHTML, like Gecko) Chrome/138.0.0.0 Mobile Safari/537.36',
  level: 'warn',
  message: 'Route not found',
  timestamp: '2025-08-04 23:25:57:2557'
}
{
  method: 'GET',
  path: '/',
  ip: '::1',
  userAgent: 'Mozilla/5.0 (Linux; Android 6.0; Nexus 5 Build/MRA58N) AppleWebKit/537.36 (KHTML, like Gecko) Chrome/138.0.0.0 Mobile Safari/537.36',
  level: 'warn',
  message: 'Route not found',
  timestamp: '2025-08-04 23:26:01:261'
}
{
  method: 'GET',
  path: '/',
  ip: '::1',
  userAgent: 'Mozilla/5.0 (Linux; Android 6.0; Nexus 5 Build/MRA58N) AppleWebKit/537.36 (KHTML, like Gecko) Chrome/138.0.0.0 Mobile Safari/537.36',
  level: 'warn',
  message: 'Route not found',
  timestamp: '2025-08-04 23:26:32:2632'
}
{
  method: 'GET',
  path: '/',
  ip: '::1',
  userAgent: 'Mozilla/5.0 (Linux; Android 6.0; Nexus 5 Build/MRA58N) AppleWebKit/537.36 (KHTML, like Gecko) Chrome/138.0.0.0 Mobile Safari/537.36',
  level: 'warn',
  message: 'Route not found',
  timestamp: '2025-08-04 23:26:58:2658'
}
{
  method: 'GET',
  path: '/',
  ip: '::1',
  userAgent: 'Mozilla/5.0 (Linux; Android 6.0; Nexus 5 Build/MRA58N) AppleWebKit/537.36 (KHTML, like Gecko) Chrome/138.0.0.0 Mobile Safari/537.36',
  level: 'warn',
  message: 'Route not found',
  timestamp: '2025-08-04 23:27:03:273'
}
{
  method: 'GET',
  path: '/',
  ip: '::1',
  userAgent: 'Mozilla/5.0 (Linux; Android 6.0; Nexus 5 Build/MRA58N) AppleWebKit/537.36 (KHTML, like Gecko) Chrome/138.0.0.0 Mobile Safari/537.36',
  level: 'warn',
  message: 'Route not found',
  timestamp: '2025-08-04 23:27:34:2734'
}
{
  method: 'GET',
  path: '/',
  ip: '::1',
  userAgent: 'Mozilla/5.0 (Linux; Android 6.0; Nexus 5 Build/MRA58N) AppleWebKit/537.36 (KHTML, like Gecko) Chrome/138.0.0.0 Mobile Safari/537.36',
  level: 'warn',
  message: 'Route not found',
  timestamp: '2025-08-04 23:27:59:2759'
}
{
  method: 'GET',
  path: '/',
  ip: '::1',
  userAgent: 'Mozilla/5.0 (Linux; Android 6.0; Nexus 5 Build/MRA58N) AppleWebKit/537.36 (KHTML, like Gecko) Chrome/138.0.0.0 Mobile Safari/537.36',
  level: 'warn',
  message: 'Route not found',
  timestamp: '2025-08-04 23:28:05:285'
}
{
  method: 'GET',
  path: '/',
  ip: '::1',
  userAgent: 'Mozilla/5.0 (Linux; Android 6.0; Nexus 5 Build/MRA58N) AppleWebKit/537.36 (KHTML, like Gecko) Chrome/138.0.0.0 Mobile Safari/537.36',
  level: 'warn',
  message: 'Route not found',
  timestamp: '2025-08-04 23:28:36:2836'
}
{
  method: 'GET',
  path: '/',
  ip: '::1',
  userAgent: 'Mozilla/5.0 (Linux; Android 6.0; Nexus 5 Build/MRA58N) AppleWebKit/537.36 (KHTML, like Gecko) Chrome/138.0.0.0 Mobile Safari/537.36',
  level: 'warn',
  message: 'Route not found',
  timestamp: '2025-08-04 23:29:00:290'
}
{
  method: 'GET',
  path: '/',
  ip: '::1',
  userAgent: 'Mozilla/5.0 (Linux; Android 6.0; Nexus 5 Build/MRA58N) AppleWebKit/537.36 (KHTML, like Gecko) Chrome/138.0.0.0 Mobile Safari/537.36',
  level: 'warn',
  message: 'Route not found',
  timestamp: '2025-08-04 23:29:07:297'
}
{
  method: 'GET',
  path: '/',
  ip: '::1',
  userAgent: 'Mozilla/5.0 (Linux; Android 6.0; Nexus 5 Build/MRA58N) AppleWebKit/537.36 (KHTML, like Gecko) Chrome/138.0.0.0 Mobile Safari/537.36',
  level: 'warn',
  message: 'Route not found',
  timestamp: '2025-08-04 23:29:38:2938'
}
{
  method: 'GET',
  path: '/',
  ip: '::1',
  userAgent: 'Mozilla/5.0 (Linux; Android 6.0; Nexus 5 Build/MRA58N) AppleWebKit/537.36 (KHTML, like Gecko) Chrome/138.0.0.0 Mobile Safari/537.36',
  level: 'warn',
  message: 'Route not found',
  timestamp: '2025-08-04 23:30:01:301'
}
{
  method: 'GET',
  path: '/',
  ip: '::1',
  userAgent: 'Mozilla/5.0 (Linux; Android 6.0; Nexus 5 Build/MRA58N) AppleWebKit/537.36 (KHTML, like Gecko) Chrome/138.0.0.0 Mobile Safari/537.36',
  level: 'warn',
  message: 'Route not found',
  timestamp: '2025-08-04 23:30:09:309'
}
{
  method: 'GET',
  path: '/',
  ip: '::1',
  userAgent: 'Mozilla/5.0 (Linux; Android 6.0; Nexus 5 Build/MRA58N) AppleWebKit/537.36 (KHTML, like Gecko) Chrome/138.0.0.0 Mobile Safari/537.36',
  level: 'warn',
  message: 'Route not found',
  timestamp: '2025-08-04 23:30:40:3040'
}
{
  method: 'GET',
  path: '/',
  ip: '::1',
  userAgent: 'Mozilla/5.0 (Linux; Android 6.0; Nexus 5 Build/MRA58N) AppleWebKit/537.36 (KHTML, like Gecko) Chrome/138.0.0.0 Mobile Safari/537.36',
  level: 'warn',
  message: 'Route not found',
  timestamp: '2025-08-04 23:30:51:3051'
}
{
  method: 'GET',
  path: '/',
  ip: '::1',
  userAgent: 'Mozilla/5.0 (Linux; Android 6.0; Nexus 5 Build/MRA58N) AppleWebKit/537.36 (KHTML, like Gecko) Chrome/138.0.0.0 Mobile Safari/537.36',
  level: 'warn',
  message: 'Route not found',
  timestamp: '2025-08-04 23:30:51:3051'
}
{
  method: 'GET',
  path: '/',
  ip: '::1',
  userAgent: 'Mozilla/5.0 (Linux; Android 6.0; Nexus 5 Build/MRA58N) AppleWebKit/537.36 (KHTML, like Gecko) Chrome/138.0.0.0 Mobile Safari/537.36',
  level: 'warn',
  message: 'Route not found',
  timestamp: '2025-08-04 23:31:31:3131'
}
{
  method: 'GET',
  path: '/',
  ip: '::1',
  userAgent: 'Mozilla/5.0 (Linux; Android 6.0; Nexus 5 Build/MRA58N) AppleWebKit/537.36 (KHTML, like Gecko) Chrome/138.0.0.0 Mobile Safari/537.36',
  level: 'warn',
  message: 'Route not found',
  timestamp: '2025-08-04 23:31:31:3131'
}
{
  method: 'GET',
  path: '/',
  ip: '::1',
  userAgent: 'Mozilla/5.0 (Linux; Android 6.0; Nexus 5 Build/MRA58N) AppleWebKit/537.36 (KHTML, like Gecko) Chrome/138.0.0.0 Mobile Safari/537.36',
  level: 'warn',
  message: 'Route not found',
  timestamp: '2025-08-04 23:31:35:3135'
}
{
  method: 'GET',
  path: '/',
  ip: '::1',
  userAgent: 'Mozilla/5.0 (Linux; Android 6.0; Nexus 5 Build/MRA58N) AppleWebKit/537.36 (KHTML, like Gecko) Chrome/138.0.0.0 Mobile Safari/537.36',
  level: 'warn',
  message: 'Route not found',
  timestamp: '2025-08-04 23:31:35:3135'
}
{
  method: 'GET',
  path: '/',
  ip: '::1',
  userAgent: 'Mozilla/5.0 (Linux; Android 6.0; Nexus 5 Build/MRA58N) AppleWebKit/537.36 (KHTML, like Gecko) Chrome/138.0.0.0 Mobile Safari/537.36',
  level: 'warn',
  message: 'Route not found',
  timestamp: '2025-08-04 23:32:13:3213'
}
{
  method: 'GET',
  path: '/',
  ip: '::1',
  userAgent: 'Mozilla/5.0 (Macintosh; Intel Mac OS X 10_15_7) AppleWebKit/537.36 (KHTML, like Gecko) Chrome/138.0.0.0 Safari/537.36',
  level: 'warn',
  message: 'Route not found',
  timestamp: '2025-08-04 23:32:28:3228'
}
{
  method: 'GET',
  path: '/',
  ip: '::1',
  userAgent: 'Mozilla/5.0 (Linux; Android 6.0; Nexus 5 Build/MRA58N) AppleWebKit/537.36 (KHTML, like Gecko) Chrome/138.0.0.0 Mobile Safari/537.36',
  level: 'warn',
  message: 'Route not found',
  timestamp: '2025-08-04 23:32:31:3231'
}
{
  method: 'GET',
  path: '/',
  ip: '::1',
  userAgent: 'Mozilla/5.0 (Linux; Android 6.0; Nexus 5 Build/MRA58N) AppleWebKit/537.36 (KHTML, like Gecko) Chrome/138.0.0.0 Mobile Safari/537.36',
  level: 'warn',
  message: 'Route not found',
  timestamp: '2025-08-04 23:32:31:3231'
}
{
  method: 'GET',
  path: '/',
  ip: '::1',
  userAgent: 'Mozilla/5.0 (Linux; Android 6.0; Nexus 5 Build/MRA58N) AppleWebKit/537.36 (KHTML, like Gecko) Chrome/138.0.0.0 Mobile Safari/537.36',
  level: 'warn',
  message: 'Route not found',
  timestamp: '2025-08-04 23:33:02:332'
}
{
  method: 'GET',
  path: '/',
  ip: '::1',
  userAgent: 'Mozilla/5.0 (Linux; Android 6.0; Nexus 5 Build/MRA58N) AppleWebKit/537.36 (KHTML, like Gecko) Chrome/138.0.0.0 Mobile Safari/537.36',
  level: 'warn',
  message: 'Route not found',
  timestamp: '2025-08-04 23:33:32:3332'
}
{
  method: 'GET',
  path: '/',
  ip: '::1',
  userAgent: 'Mozilla/5.0 (Linux; Android 6.0; Nexus 5 Build/MRA58N) AppleWebKit/537.36 (KHTML, like Gecko) Chrome/138.0.0.0 Mobile Safari/537.36',
  level: 'warn',
  message: 'Route not found',
  timestamp: '2025-08-04 23:33:33:3333'
}
{
  method: 'GET',
  path: '/',
  ip: '::1',
  userAgent: 'Mozilla/5.0 (Linux; Android 6.0; Nexus 5 Build/MRA58N) AppleWebKit/537.36 (KHTML, like Gecko) Chrome/138.0.0.0 Mobile Safari/537.36',
  level: 'warn',
  message: 'Route not found',
  timestamp: '2025-08-04 23:34:04:344'
}
{
  method: 'GET',
  path: '/',
  ip: '::1',
  userAgent: 'Mozilla/5.0 (Linux; Android 6.0; Nexus 5 Build/MRA58N) AppleWebKit/537.36 (KHTML, like Gecko) Chrome/138.0.0.0 Mobile Safari/537.36',
  level: 'warn',
  message: 'Route not found',
  timestamp: '2025-08-04 23:34:33:3433'
}
{
  method: 'GET',
  path: '/',
  ip: '::1',
  userAgent: 'Mozilla/5.0 (Linux; Android 6.0; Nexus 5 Build/MRA58N) AppleWebKit/537.36 (KHTML, like Gecko) Chrome/138.0.0.0 Mobile Safari/537.36',
  level: 'warn',
  message: 'Route not found',
  timestamp: '2025-08-04 23:34:35:3435'
}
{
  method: 'GET',
  path: '/',
  ip: '::1',
  userAgent: 'Mozilla/5.0 (Linux; Android 6.0; Nexus 5 Build/MRA58N) AppleWebKit/537.36 (KHTML, like Gecko) Chrome/138.0.0.0 Mobile Safari/537.36',
  level: 'warn',
  message: 'Route not found',
  timestamp: '2025-08-04 23:35:06:356'
}
{
  error: 'listen EADDRINUSE: address already in use :::4000',
  stack: 'Error: listen EADDRINUSE: address already in use :::4000\n' +
    '    at Server.setupListenHandle [as _listen2] (node:net:1905:16)\n' +
    '    at listenInCluster (node:net:1962:12)\n' +
    '    at Server.listen (node:net:2064:7)\n' +
    '    at startServer (/Users/rajat/Downloads/projects/erp/server/src/server.ts:466:16)\n' +
    '    at processTicksAndRejections (node:internal/process/task_queues:105:5)',
  level: 'error',
  message: 'Uncaught Exception',
  timestamp: '2025-08-04 23:35:31:3531'
}
{
  method: 'GET',
  path: '/',
  ip: '::1',
  userAgent: 'Mozilla/5.0 (Linux; Android 6.0; Nexus 5 Build/MRA58N) AppleWebKit/537.36 (KHTML, like Gecko) Chrome/138.0.0.0 Mobile Safari/537.36',
  level: 'warn',
  message: 'Route not found',
  timestamp: '2025-08-04 23:35:34:3534'
}
{
  method: 'GET',
  path: '/',
  ip: '::1',
  userAgent: 'Mozilla/5.0 (Linux; Android 6.0; Nexus 5 Build/MRA58N) AppleWebKit/537.36 (KHTML, like Gecko) Chrome/138.0.0.0 Mobile Safari/537.36',
  level: 'warn',
  message: 'Route not found',
  timestamp: '2025-08-04 23:35:37:3537'
}
{
  method: 'GET',
  path: '/',
  ip: '::1',
  userAgent: 'curl/8.7.1',
  level: 'warn',
  message: 'Route not found',
  timestamp: '2025-08-04 23:35:47:3547'
}
{
  method: 'GET',
  path: '/',
  ip: '::1',
  userAgent: 'Mozilla/5.0 (Linux; Android 6.0; Nexus 5 Build/MRA58N) AppleWebKit/537.36 (KHTML, like Gecko) Chrome/138.0.0.0 Mobile Safari/537.36',
  level: 'warn',
  message: 'Route not found',
  timestamp: '2025-08-04 23:36:08:368'
}
{
  method: 'GET',
  path: '/',
  ip: '::1',
  userAgent: 'Mozilla/5.0 (Linux; Android 6.0; Nexus 5 Build/MRA58N) AppleWebKit/537.36 (KHTML, like Gecko) Chrome/138.0.0.0 Mobile Safari/537.36',
  level: 'warn',
  message: 'Route not found',
  timestamp: '2025-08-04 23:36:35:3635'
}
{
  method: 'GET',
  path: '/',
  ip: '::1',
  userAgent: 'Mozilla/5.0 (Linux; Android 6.0; Nexus 5 Build/MRA58N) AppleWebKit/537.36 (KHTML, like Gecko) Chrome/138.0.0.0 Mobile Safari/537.36',
  level: 'warn',
  message: 'Route not found',
  timestamp: '2025-08-04 23:36:39:3639'
}
{
  method: 'GET',
  path: '/',
  ip: '::1',
  userAgent: 'Mozilla/5.0 (Linux; Android 6.0; Nexus 5 Build/MRA58N) AppleWebKit/537.36 (KHTML, like Gecko) Chrome/138.0.0.0 Mobile Safari/537.36',
  level: 'warn',
  message: 'Route not found',
  timestamp: '2025-08-04 23:37:10:3710'
}
{
  method: 'GET',
  path: '/',
  ip: '::1',
  userAgent: 'Mozilla/5.0 (Linux; Android 6.0; Nexus 5 Build/MRA58N) AppleWebKit/537.36 (KHTML, like Gecko) Chrome/138.0.0.0 Mobile Safari/537.36',
  level: 'warn',
  message: 'Route not found',
  timestamp: '2025-08-04 23:37:36:3736'
}
{
  method: 'GET',
  path: '/',
  ip: '::1',
  userAgent: 'Mozilla/5.0 (Linux; Android 6.0; Nexus 5 Build/MRA58N) AppleWebKit/537.36 (KHTML, like Gecko) Chrome/138.0.0.0 Mobile Safari/537.36',
  level: 'warn',
  message: 'Route not found',
  timestamp: '2025-08-04 23:37:41:3741'
}
{
  error: 'listen EADDRINUSE: address already in use :::4000',
  stack: 'Error: listen EADDRINUSE: address already in use :::4000\n' +
    '    at Server.setupListenHandle [as _listen2] (node:net:1905:16)\n' +
    '    at listenInCluster (node:net:1962:12)\n' +
    '    at Server.listen (node:net:2064:7)\n' +
    '    at startServer (/Users/rajat/Downloads/projects/erp/server/src/server.ts:466:16)\n' +
    '    at processTicksAndRejections (node:internal/process/task_queues:105:5)',
  level: 'error',
  message: 'Uncaught Exception',
  timestamp: '2025-08-04 23:37:53:3753'
}
{
  error: 'listen EADDRINUSE: address already in use :::4000',
  stack: 'Error: listen EADDRINUSE: address already in use :::4000\n' +
    '    at Server.setupListenHandle [as _listen2] (node:net:1905:16)\n' +
    '    at listenInCluster (node:net:1962:12)\n' +
    '    at Server.listen (node:net:2064:7)\n' +
    '    at startServer (/Users/rajat/Downloads/projects/erp/server/src/server.ts:466:16)\n' +
    '    at processTicksAndRejections (node:internal/process/task_queues:105:5)',
  level: 'error',
  message: 'Uncaught Exception',
  timestamp: '2025-08-04 23:38:04:384'
}
{
  error: 'listen EADDRINUSE: address already in use :::4000',
  stack: 'Error: listen EADDRINUSE: address already in use :::4000\n' +
    '    at Server.setupListenHandle [as _listen2] (node:net:1905:16)\n' +
    '    at listenInCluster (node:net:1962:12)\n' +
    '    at Server.listen (node:net:2064:7)\n' +
    '    at startServer (/Users/rajat/Downloads/projects/erp/server/src/server.ts:466:16)\n' +
    '    at processTicksAndRejections (node:internal/process/task_queues:105:5)',
  level: 'error',
  message: 'Uncaught Exception',
  timestamp: '2025-08-04 23:38:16:3816'
}
{
  error: 'listen EADDRINUSE: address already in use :::4000',
  stack: 'Error: listen EADDRINUSE: address already in use :::4000\n' +
    '    at Server.setupListenHandle [as _listen2] (node:net:1905:16)\n' +
    '    at listenInCluster (node:net:1962:12)\n' +
    '    at Server.listen (node:net:2064:7)\n' +
    '    at startServer (/Users/rajat/Downloads/projects/erp/server/src/server.ts:466:16)\n' +
    '    at processTicksAndRejections (node:internal/process/task_queues:105:5)',
  level: 'error',
  message: 'Uncaught Exception',
  timestamp: '2025-08-04 23:38:25:3825'
}
{
  error: 'listen EADDRINUSE: address already in use :::4000',
  stack: 'Error: listen EADDRINUSE: address already in use :::4000\n' +
    '    at Server.setupListenHandle [as _listen2] (node:net:1940:16)\n' +
    '    at listenInCluster (node:net:1997:12)\n' +
    '    at Server.listen (node:net:2102:7)\n' +
    '    at startServer (/Users/rajat/Downloads/projects/erp/server/src/server.ts:466:16)\n' +
    '    at processTicksAndRejections (node:internal/process/task_queues:105:5)',
  level: 'error',
  message: 'Uncaught Exception',
  timestamp: '2025-08-04 23:38:35:3835'
}
{
  method: 'GET',
  path: '/',
  ip: '::1',
  userAgent: 'Mozilla/5.0 (Linux; Android 6.0; Nexus 5 Build/MRA58N) AppleWebKit/537.36 (KHTML, like Gecko) Chrome/138.0.0.0 Mobile Safari/537.36',
  level: 'warn',
  message: 'Route not found',
  timestamp: '2025-08-04 23:38:38:3838'
}
{
  method: 'GET',
  path: '/',
  ip: '::1',
  userAgent: 'Mozilla/5.0 (Linux; Android 6.0; Nexus 5 Build/MRA58N) AppleWebKit/537.36 (KHTML, like Gecko) Chrome/138.0.0.0 Mobile Safari/537.36',
  level: 'warn',
  message: 'Route not found',
  timestamp: '2025-08-04 23:38:49:3849'
}
{
  method: 'GET',
  path: '/',
  ip: '::1',
  userAgent: 'Mozilla/5.0 (Linux; Android 6.0; Nexus 5 Build/MRA58N) AppleWebKit/537.36 (KHTML, like Gecko) Chrome/138.0.0.0 Mobile Safari/537.36',
  level: 'warn',
  message: 'Route not found',
  timestamp: '2025-08-04 23:38:49:3849'
}
{
  method: 'GET',
  path: '/',
  ip: '::1',
  userAgent: 'Mozilla/5.0 (Linux; Android 6.0; Nexus 5 Build/MRA58N) AppleWebKit/537.36 (KHTML, like Gecko) Chrome/138.0.0.0 Mobile Safari/537.36',
  level: 'warn',
  message: 'Route not found',
  timestamp: '2025-08-04 23:38:52:3852'
}
{
  method: 'GET',
  path: '/',
  ip: '::1',
  userAgent: 'Mozilla/5.0 (Linux; Android 6.0; Nexus 5 Build/MRA58N) AppleWebKit/537.36 (KHTML, like Gecko) Chrome/138.0.0.0 Mobile Safari/537.36',
  level: 'warn',
  message: 'Route not found',
  timestamp: '2025-08-04 23:38:52:3852'
}
{
  error: 'listen EADDRINUSE: address already in use :::4000',
  stack: 'Error: listen EADDRINUSE: address already in use :::4000\n' +
    '    at Server.setupListenHandle [as _listen2] (node:net:1905:16)\n' +
    '    at listenInCluster (node:net:1962:12)\n' +
    '    at Server.listen (node:net:2064:7)\n' +
    '    at startServer (/Users/rajat/Downloads/projects/erp/server/src/server.ts:476:16)\n' +
    '    at processTicksAndRejections (node:internal/process/task_queues:105:5)',
  level: 'error',
  message: 'Uncaught Exception',
  timestamp: '2025-08-04 23:44:43:4443'
}
{
  error: 'listen EADDRINUSE: address already in use :::4000',
  stack: 'Error: listen EADDRINUSE: address already in use :::4000\n' +
    '    at Server.setupListenHandle [as _listen2] (node:net:1905:16)\n' +
    '    at listenInCluster (node:net:1962:12)\n' +
    '    at Server.listen (node:net:2064:7)\n' +
    '    at startServer (/Users/rajat/Downloads/projects/erp/server/src/server.ts:476:16)\n' +
    '    at processTicksAndRejections (node:internal/process/task_queues:105:5)',
  level: 'error',
  message: 'Uncaught Exception',
  timestamp: '2025-08-04 23:45:47:4547'
}
{
  method: 'GET',
  path: '/',
  ip: '::1',
  userAgent: 'Mozilla/5.0 (Macintosh; Intel Mac OS X 10_15_7) AppleWebKit/537.36 (KHTML, like Gecko) Chrome/138.0.0.0 Safari/537.36',
  level: 'warn',
  message: 'Route not found',
  timestamp: '2025-08-04 23:55:47:5547'
}
{
  method: 'GET',
  path: '/',
  ip: '::1',
  userAgent: 'Mozilla/5.0 (Macintosh; Intel Mac OS X 10_15_7) AppleWebKit/537.36 (KHTML, like Gecko) Chrome/138.0.0.0 Safari/537.36',
  level: 'warn',
  message: 'Route not found',
  timestamp: '2025-08-04 23:55:47:5547'
}
{
  method: 'GET',
  path: '/',
  ip: '::1',
  userAgent: 'Mozilla/5.0 (Macintosh; Intel Mac OS X 10_15_7) AppleWebKit/537.36 (KHTML, like Gecko) Chrome/138.0.0.0 Safari/537.36',
  level: 'warn',
  message: 'Route not found',
  timestamp: '2025-08-04 23:56:15:5615'
}
{
  method: 'GET',
  path: '/',
  ip: '::1',
  userAgent: 'Mozilla/5.0 (Macintosh; Intel Mac OS X 10_15_7) AppleWebKit/537.36 (KHTML, like Gecko) Chrome/138.0.0.0 Safari/537.36',
  level: 'warn',
  message: 'Route not found',
  timestamp: '2025-08-04 23:56:48:5648'
}
